<?xml version="1.0" encoding="UTF-8"?>
<!-- Generated by org.testng.reporters.JUnitReportReporter -->
<testsuite hostname="Patels-MacBook-Pro.local" failures="0" tests="1" name="Guru99.TestCases.TC_NewBankAccount_004" time="6.994" errors="0" timestamp="2021-10-04T17:38:44 CDT" skipped="0">
  <testcase classname="Guru99.TestCases.TC_NewBankAccount_004" name="NewBankAccount" time="6.994"/>
  <system-out/>
</testsuite> <!-- Guru99.TestCases.TC_NewBankAccount_004 -->
