<?xml version="1.0" encoding="UTF-8"?>
<!-- Generated by org.testng.reporters.JUnitReportReporter -->
<testsuite hostname="Patels-MacBook-Pro.local" failures="0" tests="1" name="Guru99.TestCases.TC_AddNewCustomerTest_003" time="7.280" errors="0" timestamp="2021-10-04T09:15:05 CDT" skipped="0">
  <testcase classname="Guru99.TestCases.TC_AddNewCustomerTest_003" name="addNewCustomer" time="7.280"/>
  <system-out/>
</testsuite> <!-- Guru99.TestCases.TC_AddNewCustomerTest_003 -->
