<?xml version="1.0" encoding="UTF-8"?>
<!-- Generated by org.testng.reporters.JUnitReportReporter -->
<testsuite hostname="Patels-MacBook-Pro.local" failures="0" tests="5" name="Guru99.TestCases.TC_LoginTestDDT_002" time="6.042" errors="0" timestamp="2021-10-03T15:42:17 CDT" skipped="0">
  <testcase classname="Guru99.TestCases.TC_LoginTestDDT_002" name="LoginDDT" time="1.400"/>
  <system-out/>
  <testcase classname="Guru99.TestCases.TC_LoginTestDDT_002" name="LoginDDT" time="1.177"/>
  <system-out/>
  <testcase classname="Guru99.TestCases.TC_LoginTestDDT_002" name="LoginDDT" time="1.115"/>
  <system-out/>
  <testcase classname="Guru99.TestCases.TC_LoginTestDDT_002" name="LoginDDT" time="1.354"/>
  <system-out/>
  <testcase classname="Guru99.TestCases.TC_LoginTestDDT_002" name="LoginDDT" time="0.996"/>
  <system-out/>
</testsuite> <!-- Guru99.TestCases.TC_LoginTestDDT_002 -->
