<?xml version="1.0" encoding="UTF-8"?>
<!-- Generated by org.testng.reporters.JUnitReportReporter -->
<testsuite hostname="Patels-MacBook-Pro.local" failures="0" tests="1" name="Guru99.TestCases.TC_LoginTest_001" time="0.904" errors="0" timestamp="2021-10-03T13:19:00 CDT" skipped="0">
  <testcase classname="Guru99.TestCases.TC_LoginTest_001" name="loginTest" time="0.904"/>
  <system-out/>
</testsuite> <!-- Guru99.TestCases.TC_LoginTest_001 -->
