<?xml version="1.0" encoding="UTF-8"?>
<!-- Generated by org.testng.reporters.JUnitReportReporter -->
<testsuite hostname="Patels-MacBook-Pro.local" failures="0" tests="5" name="Guru99.TestCases.TC_LoginTestDDT_002" time="22.094" errors="0" timestamp="2021-10-04T11:23:03 CDT" skipped="0">
  <testcase classname="Guru99.TestCases.TC_LoginTestDDT_002" name="LoginDDT" time="3.488"/>
  <system-out/>
  <testcase classname="Guru99.TestCases.TC_LoginTestDDT_002" name="LoginDDT" time="3.945"/>
  <system-out/>
  <testcase classname="Guru99.TestCases.TC_LoginTestDDT_002" name="LoginDDT" time="3.563"/>
  <system-out/>
  <testcase classname="Guru99.TestCases.TC_LoginTestDDT_002" name="LoginDDT" time="3.882"/>
  <system-out/>
  <testcase classname="Guru99.TestCases.TC_LoginTestDDT_002" name="LoginDDT" time="7.216"/>
  <system-out/>
</testsuite> <!-- Guru99.TestCases.TC_LoginTestDDT_002 -->
